0 info it worked if it ends with ok
1 verbose cli [ '/usr/local/bin/node', '/usr/local/bin/npm', 'run', 'build' ]
2 info using npm@4.0.2
3 info using node@v7.0.0
4 verbose run-script [ 'prebuild', 'build', 'postbuild' ]
5 info lifecycle react-builder@0.1.0~prebuild: react-builder@0.1.0
6 silly lifecycle react-builder@0.1.0~prebuild: no script for prebuild, continuing
7 info lifecycle react-builder@0.1.0~build: react-builder@0.1.0
8 verbose lifecycle react-builder@0.1.0~build: unsafe-perm in lifecycle true
9 verbose lifecycle react-builder@0.1.0~build: PATH: /usr/local/lib/node_modules/npm/bin/node-gyp-bin:/home/developer/Facundo/startup/Project/node_modules/.bin:/opt/firefox_test:/opt/java/latest/bin:/opt/iona/asp6.3.4/asp/6.3/bin:/opt/orbixetc/bin:/home/developer/bin:/usr/local/sbin:/usr/local/bin:/usr/sbin:/usr/bin:/sbin:/bin:/usr/games:/usr/local/games:/opt/groovy/latest/bin:/opt/gradle/latest/bin:/opt/maven3/bin:/opt/idea/bin
10 verbose lifecycle react-builder@0.1.0~build: CWD: /home/developer/Facundo/startup/Project
11 silly lifecycle react-builder@0.1.0~build: Args: [ '-c', 'gulp' ]
12 silly lifecycle react-builder@0.1.0~build: Returned: code: 1  signal: null
13 info lifecycle react-builder@0.1.0~build: Failed to exec build script
14 verbose stack Error: react-builder@0.1.0 build: `gulp`
14 verbose stack Exit status 1
14 verbose stack     at EventEmitter.<anonymous> (/usr/local/lib/node_modules/npm/lib/utils/lifecycle.js:279:16)
14 verbose stack     at emitTwo (events.js:106:13)
14 verbose stack     at EventEmitter.emit (events.js:191:7)
14 verbose stack     at ChildProcess.<anonymous> (/usr/local/lib/node_modules/npm/lib/utils/spawn.js:40:14)
14 verbose stack     at emitTwo (events.js:106:13)
14 verbose stack     at ChildProcess.emit (events.js:191:7)
14 verbose stack     at maybeClose (internal/child_process.js:877:16)
14 verbose stack     at Process.ChildProcess._handle.onexit (internal/child_process.js:226:5)
15 verbose pkgid react-builder@0.1.0
16 verbose cwd /home/developer/Facundo/startup/Project
17 error Linux 3.13.0-101-generic
18 error argv "/usr/local/bin/node" "/usr/local/bin/npm" "run" "build"
19 error node v7.0.0
20 error npm  v4.0.2
21 error code ELIFECYCLE
22 error react-builder@0.1.0 build: `gulp`
22 error Exit status 1
23 error Failed at the react-builder@0.1.0 build script 'gulp'.
23 error Make sure you have the latest version of node.js and npm installed.
23 error If you do, this is most likely a problem with the react-builder package,
23 error not with npm itself.
23 error Tell the author that this fails on your system:
23 error     gulp
23 error You can get information on how to open an issue for this project with:
23 error     npm bugs react-builder
23 error Or if that isn't available, you can get their info via:
23 error     npm owner ls react-builder
23 error There is likely additional logging output above.
24 verbose exit [ 1, true ]
